<?xml version="1.0" encoding="UTF-8"?>
<!-- Generated by org.testng.reporters.JUnitXMLReporter -->
<testsuite ignored="0" hostname="IN-B7KRXM3" failures="1" tests="1" name="Default test" time="2.677" errors="0" timestamp="07 Dec 2022 09:26:01 GMT">
  <testcase classname="cucumber.api.testng.AbstractTestNGCucumberTests" name="feature" time="2.232">
    <failure type="cucumber.runtime.CucumberException" message="org.openqa.selenium.SessionNotCreatedException: session not created: This version of ChromeDriver only supports Chrome version 102
Current browser version is 108.0.5359.71 with binary path C:\Program Files\Google\Chrome\Application\chrome.exe
Build info: version: &amp;apos;3.141.59&amp;apos;, revision: &amp;apos;e82be7d358&amp;apos;, time: &amp;apos;2018-11-14T08:17:03&amp;apos;
System info: host: &amp;apos;IN-B7KRXM3&amp;apos;, ip: &amp;apos;192.168.203.205&amp;apos;, os.name: &amp;apos;Windows 10&amp;apos;, os.arch: &amp;apos;amd64&amp;apos;, os.version: &amp;apos;10.0&amp;apos;, java.version: &amp;apos;11.0.5&amp;apos;
Driver info: driver.version: ChromeDriver
remote stacktrace: Backtrace:
	Ordinal0 [0x00C7D953+2414931]
	Ordinal0 [0x00C0F5E1+1963489]
	Ordinal0 [0x00AFC6B8+837304]
	Ordinal0 [0x00B1CAE3+969443]
	Ordinal0 [0x00B186FA+952058]
	Ordinal0 [0x00B15FB1+942001]
	Ordinal0 [0x00B49100+1151232]
	Ordinal0 [0x00B48D5A+1150298]
	Ordinal0 [0x00B442B6+1131190]
	Ordinal0 [0x00B1E860+976992]
	Ordinal0 [0x00B1F756+980822]
	GetHandleVerifier [0x00EECC62+2510274]
	GetHandleVerifier [0x00EDF760+2455744]
	GetHandleVerifier [0x00D0EABA+551962]
	GetHandleVerifier [0x00D0D916+547446]
	Ordinal0 [0x00C15F3B+1990459]
	Ordinal0 [0x00C1A898+2009240]
	Ordinal0 [0x00C1A985+2009477]
	Ordinal0 [0x00C23AD1+2046673]
	BaseThreadInitThunk [0x76686939+25]
	RtlGetFullPathName_UEx [0x77B18FD2+1218]
	RtlGetFullPathName_UEx [0x77B18F9D+1165]
">
      <![CDATA[cucumber.runtime.CucumberException: org.openqa.selenium.SessionNotCreatedException: session not created: This version of ChromeDriver only supports Chrome version 102
Current browser version is 108.0.5359.71 with binary path C:\Program Files\Google\Chrome\Application\chrome.exe
Build info: version: '3.141.59', revision: 'e82be7d358', time: '2018-11-14T08:17:03'
System info: host: 'IN-B7KRXM3', ip: '192.168.203.205', os.name: 'Windows 10', os.arch: 'amd64', os.version: '10.0', java.version: '11.0.5'
Driver info: driver.version: ChromeDriver
remote stacktrace: Backtrace:
	Ordinal0 [0x00C7D953+2414931]
	Ordinal0 [0x00C0F5E1+1963489]
	Ordinal0 [0x00AFC6B8+837304]
	Ordinal0 [0x00B1CAE3+969443]
	Ordinal0 [0x00B186FA+952058]
	Ordinal0 [0x00B15FB1+942001]
	Ordinal0 [0x00B49100+1151232]
	Ordinal0 [0x00B48D5A+1150298]
	Ordinal0 [0x00B442B6+1131190]
	Ordinal0 [0x00B1E860+976992]
	Ordinal0 [0x00B1F756+980822]
	GetHandleVerifier [0x00EECC62+2510274]
	GetHandleVerifier [0x00EDF760+2455744]
	GetHandleVerifier [0x00D0EABA+551962]
	GetHandleVerifier [0x00D0D916+547446]
	Ordinal0 [0x00C15F3B+1990459]
	Ordinal0 [0x00C1A898+2009240]
	Ordinal0 [0x00C1A985+2009477]
	Ordinal0 [0x00C23AD1+2046673]
	BaseThreadInitThunk [0x76686939+25]
	RtlGetFullPathName_UEx [0x77B18FD2+1218]
	RtlGetFullPathName_UEx [0x77B18F9D+1165]

	at cucumber.api.testng.TestNGCucumberRunner.runCucumber(TestNGCucumberRunner.java:69)
	at cucumber.api.testng.AbstractTestNGCucumberTests.feature(AbstractTestNGCucumberTests.java:21)
	at java.base/jdk.internal.reflect.NativeMethodAccessorImpl.invoke0(Native Method)
	at java.base/jdk.internal.reflect.NativeMethodAccessorImpl.invoke(NativeMethodAccessorImpl.java:62)
	at java.base/jdk.internal.reflect.DelegatingMethodAccessorImpl.invoke(DelegatingMethodAccessorImpl.java:43)
	at java.base/java.lang.reflect.Method.invoke(Method.java:566)
	at org.testng.internal.MethodInvocationHelper.invokeMethod(MethodInvocationHelper.java:108)
	at org.testng.internal.Invoker.invokeMethod(Invoker.java:661)
	at org.testng.internal.Invoker.invokeTestMethod(Invoker.java:869)
	at org.testng.internal.Invoker.invokeTestMethods(Invoker.java:1193)
	at org.testng.internal.TestMethodWorker.invokeTestMethods(TestMethodWorker.java:126)
	at org.testng.internal.TestMethodWorker.run(TestMethodWorker.java:109)
	at org.testng.TestRunner.privateRun(TestRunner.java:744)
	at org.testng.TestRunner.run(TestRunner.java:602)
	at org.testng.SuiteRunner.runTest(SuiteRunner.java:380)
	at org.testng.SuiteRunner.runSequentially(SuiteRunner.java:375)
	at org.testng.SuiteRunner.privateRun(SuiteRunner.java:340)
	at org.testng.SuiteRunner.run(SuiteRunner.java:289)
	at org.testng.SuiteRunnerWorker.runSuite(SuiteRunnerWorker.java:52)
	at org.testng.SuiteRunnerWorker.run(SuiteRunnerWorker.java:86)
	at org.testng.TestNG.runSuitesSequentially(TestNG.java:1301)
	at org.testng.TestNG.runSuitesLocally(TestNG.java:1226)
	at org.testng.TestNG.runSuites(TestNG.java:1144)
	at org.testng.TestNG.run(TestNG.java:1115)
	at org.testng.remote.AbstractRemoteTestNG.run(AbstractRemoteTestNG.java:115)
	at org.testng.remote.RemoteTestNG.initAndRun(RemoteTestNG.java:251)
	at org.testng.remote.RemoteTestNG.main(RemoteTestNG.java:77)
Caused by: org.openqa.selenium.SessionNotCreatedException: session not created: This version of ChromeDriver only supports Chrome version 102
Current browser version is 108.0.5359.71 with binary path C:\Program Files\Google\Chrome\Application\chrome.exe
Build info: version: '3.141.59', revision: 'e82be7d358', time: '2018-11-14T08:17:03'
System info: host: 'IN-B7KRXM3', ip: '192.168.203.205', os.name: 'Windows 10', os.arch: 'amd64', os.version: '10.0', java.version: '11.0.5'
Driver info: driver.version: ChromeDriver
remote stacktrace: Backtrace:
	Ordinal0 [0x00C7D953+2414931]
	Ordinal0 [0x00C0F5E1+1963489]
	Ordinal0 [0x00AFC6B8+837304]
	Ordinal0 [0x00B1CAE3+969443]
	Ordinal0 [0x00B186FA+952058]
	Ordinal0 [0x00B15FB1+942001]
	Ordinal0 [0x00B49100+1151232]
	Ordinal0 [0x00B48D5A+1150298]
	Ordinal0 [0x00B442B6+1131190]
	Ordinal0 [0x00B1E860+976992]
	Ordinal0 [0x00B1F756+980822]
	GetHandleVerifier [0x00EECC62+2510274]
	GetHandleVerifier [0x00EDF760+2455744]
	GetHandleVerifier [0x00D0EABA+551962]
	GetHandleVerifier [0x00D0D916+547446]
	Ordinal0 [0x00C15F3B+1990459]
	Ordinal0 [0x00C1A898+2009240]
	Ordinal0 [0x00C1A985+2009477]
	Ordinal0 [0x00C23AD1+2046673]
	BaseThreadInitThunk [0x76686939+25]
	RtlGetFullPathName_UEx [0x77B18FD2+1218]
	RtlGetFullPathName_UEx [0x77B18F9D+1165]

	at java.base/jdk.internal.reflect.NativeConstructorAccessorImpl.newInstance0(Native Method)
	at java.base/jdk.internal.reflect.NativeConstructorAccessorImpl.newInstance(NativeConstructorAccessorImpl.java:62)
	at java.base/jdk.internal.reflect.DelegatingConstructorAccessorImpl.newInstance(DelegatingConstructorAccessorImpl.java:45)
	at java.base/java.lang.reflect.Constructor.newInstance(Constructor.java:490)
	at org.openqa.selenium.remote.W3CHandshakeResponse.lambda$errorHandler$0(W3CHandshakeResponse.java:62)
	at org.openqa.selenium.remote.HandshakeResponse.lambda$getResponseFunction$0(HandshakeResponse.java:30)
	at org.openqa.selenium.remote.ProtocolHandshake.lambda$createSession$0(ProtocolHandshake.java:126)
	at java.base/java.util.stream.ReferencePipeline$3$1.accept(ReferencePipeline.java:195)
	at java.base/java.util.Spliterators$ArraySpliterator.tryAdvance(Spliterators.java:958)
	at java.base/java.util.stream.ReferencePipeline.forEachWithCancel(ReferencePipeline.java:127)
	at java.base/java.util.stream.AbstractPipeline.copyIntoWithCancel(AbstractPipeline.java:502)
	at java.base/java.util.stream.AbstractPipeline.copyInto(AbstractPipeline.java:488)
	at java.base/java.util.stream.AbstractPipeline.wrapAndCopyInto(AbstractPipeline.java:474)
	at java.base/java.util.stream.FindOps$FindOp.evaluateSequential(FindOps.java:150)
	at java.base/java.util.stream.AbstractPipeline.evaluate(AbstractPipeline.java:234)
	at java.base/java.util.stream.ReferencePipeline.findFirst(ReferencePipeline.java:543)
	at org.openqa.selenium.remote.ProtocolHandshake.createSession(ProtocolHandshake.java:128)
	at org.openqa.selenium.remote.ProtocolHandshake.createSession(ProtocolHandshake.java:74)
	at org.openqa.selenium.remote.HttpCommandExecutor.execute(HttpCommandExecutor.java:136)
	at org.openqa.selenium.remote.service.DriverCommandExecutor.execute(DriverCommandExecutor.java:83)
	at org.openqa.selenium.remote.RemoteWebDriver.execute(RemoteWebDriver.java:552)
	at org.openqa.selenium.remote.RemoteWebDriver.startSession(RemoteWebDriver.java:213)
	at org.openqa.selenium.remote.RemoteWebDriver.<init>(RemoteWebDriver.java:131)
	at org.openqa.selenium.chrome.ChromeDriver.<init>(ChromeDriver.java:181)
	at org.openqa.selenium.chrome.ChromeDriver.<init>(ChromeDriver.java:168)
	at org.openqa.selenium.chrome.ChromeDriver.<init>(ChromeDriver.java:123)
	at stepdefination.GoogleSearchSteps.browser_is_open(GoogleSearchSteps.java:23)
	at âœ½.Given browser is open(src/test/java/feature/GoogleSearch.feature:4)
]]>
    </failure>
  </testcase> <!-- feature -->
</testsuite> <!-- Default test -->
