<?xml version="1.0" encoding="UTF-8" standalone="no"?>
<testsuite failures="1" name="cucumber.runtime.formatter.JUnitFormatter" skipped="0" tests="1" time="2.133385">
    <testcase classname="feature to test google search functionality" name="Validate google search is working" time="2.133385">
        <failure message="org.openqa.selenium.SessionNotCreatedException: session not created: This version of ChromeDriver only supports Chrome version 102&#10;Current browser version is 108.0.5359.71 with binary path C:\Program Files\Google\Chrome\Application\chrome.exe&#10;Build info: version: '3.141.59', revision: 'e82be7d358', time: '2018-11-14T08:17:03'&#10;System info: host: 'IN-B7KRXM3', ip: '192.168.203.205', os.name: 'Windows 10', os.arch: 'amd64', os.version: '10.0', java.version: '11.0.5'&#10;Driver info: driver.version: ChromeDriver&#10;remote stacktrace: Backtrace:&#10;&#9;Ordinal0 [0x00C7D953+2414931]&#10;&#9;Ordinal0 [0x00C0F5E1+1963489]&#10;&#9;Ordinal0 [0x00AFC6B8+837304]&#10;&#9;Ordinal0 [0x00B1CAE3+969443]&#10;&#9;Ordinal0 [0x00B186FA+952058]&#10;&#9;Ordinal0 [0x00B15FB1+942001]&#10;&#9;Ordinal0 [0x00B49100+1151232]&#10;&#9;Ordinal0 [0x00B48D5A+1150298]&#10;&#9;Ordinal0 [0x00B442B6+1131190]&#10;&#9;Ordinal0 [0x00B1E860+976992]&#10;&#9;Ordinal0 [0x00B1F756+980822]&#10;&#9;GetHandleVerifier [0x00EECC62+2510274]&#10;&#9;GetHandleVerifier [0x00EDF760+2455744]&#10;&#9;GetHandleVerifier [0x00D0EABA+551962]&#10;&#9;GetHandleVerifier [0x00D0D916+547446]&#10;&#9;Ordinal0 [0x00C15F3B+1990459]&#10;&#9;Ordinal0 [0x00C1A898+2009240]&#10;&#9;Ordinal0 [0x00C1A985+2009477]&#10;&#9;Ordinal0 [0x00C23AD1+2046673]&#10;&#9;BaseThreadInitThunk [0x76686939+25]&#10;&#9;RtlGetFullPathName_UEx [0x77B18FD2+1218]&#10;&#9;RtlGetFullPathName_UEx [0x77B18F9D+1165]&#10;&#13;&#10;&#9;at java.base/jdk.internal.reflect.NativeConstructorAccessorImpl.newInstance0(Native Method)&#13;&#10;&#9;at java.base/jdk.internal.reflect.NativeConstructorAccessorImpl.newInstance(NativeConstructorAccessorImpl.java:62)&#13;&#10;&#9;at java.base/jdk.internal.reflect.DelegatingConstructorAccessorImpl.newInstance(DelegatingConstructorAccessorImpl.java:45)&#13;&#10;&#9;at java.base/java.lang.reflect.Constructor.newInstance(Constructor.java:490)&#13;&#10;&#9;at org.openqa.selenium.remote.W3CHandshakeResponse.lambda$errorHandler$0(W3CHandshakeResponse.java:62)&#13;&#10;&#9;at org.openqa.selenium.remote.HandshakeResponse.lambda$getResponseFunction$0(HandshakeResponse.java:30)&#13;&#10;&#9;at org.openqa.selenium.remote.ProtocolHandshake.lambda$createSession$0(ProtocolHandshake.java:126)&#13;&#10;&#9;at java.base/java.util.stream.ReferencePipeline$3$1.accept(ReferencePipeline.java:195)&#13;&#10;&#9;at java.base/java.util.Spliterators$ArraySpliterator.tryAdvance(Spliterators.java:958)&#13;&#10;&#9;at java.base/java.util.stream.ReferencePipeline.forEachWithCancel(ReferencePipeline.java:127)&#13;&#10;&#9;at java.base/java.util.stream.AbstractPipeline.copyIntoWithCancel(AbstractPipeline.java:502)&#13;&#10;&#9;at java.base/java.util.stream.AbstractPipeline.copyInto(AbstractPipeline.java:488)&#13;&#10;&#9;at java.base/java.util.stream.AbstractPipeline.wrapAndCopyInto(AbstractPipeline.java:474)&#13;&#10;&#9;at java.base/java.util.stream.FindOps$FindOp.evaluateSequential(FindOps.java:150)&#13;&#10;&#9;at java.base/java.util.stream.AbstractPipeline.evaluate(AbstractPipeline.java:234)&#13;&#10;&#9;at java.base/java.util.stream.ReferencePipeline.findFirst(ReferencePipeline.java:543)&#13;&#10;&#9;at org.openqa.selenium.remote.ProtocolHandshake.createSession(ProtocolHandshake.java:128)&#13;&#10;&#9;at org.openqa.selenium.remote.ProtocolHandshake.createSession(ProtocolHandshake.java:74)&#13;&#10;&#9;at org.openqa.selenium.remote.HttpCommandExecutor.execute(HttpCommandExecutor.java:136)&#13;&#10;&#9;at org.openqa.selenium.remote.service.DriverCommandExecutor.execute(DriverCommandExecutor.java:83)&#13;&#10;&#9;at org.openqa.selenium.remote.RemoteWebDriver.execute(RemoteWebDriver.java:552)&#13;&#10;&#9;at org.openqa.selenium.remote.RemoteWebDriver.startSession(RemoteWebDriver.java:213)&#13;&#10;&#9;at org.openqa.selenium.remote.RemoteWebDriver.&lt;init&gt;(RemoteWebDriver.java:131)&#13;&#10;&#9;at org.openqa.selenium.chrome.ChromeDriver.&lt;init&gt;(ChromeDriver.java:181)&#13;&#10;&#9;at org.openqa.selenium.chrome.ChromeDriver.&lt;init&gt;(ChromeDriver.java:168)&#13;&#10;&#9;at org.openqa.selenium.chrome.ChromeDriver.&lt;init&gt;(ChromeDriver.java:123)&#13;&#10;&#9;at stepdefination.GoogleSearchSteps.browser_is_open(GoogleSearchSteps.java:23)&#13;&#10;&#9;at ✽.Given browser is open(src/test/java/feature/GoogleSearch.feature:4)&#13;&#10;">
            <![CDATA[Given browser is open.......................................................failed
And user is on google search page...........................................skipped
When user enter text in search box..........................................skipped
And hits enter..............................................................skipped
Then user is navigated to search page.......................................skipped

StackTrace:
org.openqa.selenium.SessionNotCreatedException: session not created: This version of ChromeDriver only supports Chrome version 102
Current browser version is 108.0.5359.71 with binary path C:\Program Files\Google\Chrome\Application\chrome.exe
Build info: version: '3.141.59', revision: 'e82be7d358', time: '2018-11-14T08:17:03'
System info: host: 'IN-B7KRXM3', ip: '192.168.203.205', os.name: 'Windows 10', os.arch: 'amd64', os.version: '10.0', java.version: '11.0.5'
Driver info: driver.version: ChromeDriver
remote stacktrace: Backtrace:
	Ordinal0 [0x00C7D953+2414931]
	Ordinal0 [0x00C0F5E1+1963489]
	Ordinal0 [0x00AFC6B8+837304]
	Ordinal0 [0x00B1CAE3+969443]
	Ordinal0 [0x00B186FA+952058]
	Ordinal0 [0x00B15FB1+942001]
	Ordinal0 [0x00B49100+1151232]
	Ordinal0 [0x00B48D5A+1150298]
	Ordinal0 [0x00B442B6+1131190]
	Ordinal0 [0x00B1E860+976992]
	Ordinal0 [0x00B1F756+980822]
	GetHandleVerifier [0x00EECC62+2510274]
	GetHandleVerifier [0x00EDF760+2455744]
	GetHandleVerifier [0x00D0EABA+551962]
	GetHandleVerifier [0x00D0D916+547446]
	Ordinal0 [0x00C15F3B+1990459]
	Ordinal0 [0x00C1A898+2009240]
	Ordinal0 [0x00C1A985+2009477]
	Ordinal0 [0x00C23AD1+2046673]
	BaseThreadInitThunk [0x76686939+25]
	RtlGetFullPathName_UEx [0x77B18FD2+1218]
	RtlGetFullPathName_UEx [0x77B18F9D+1165]

	at java.base/jdk.internal.reflect.NativeConstructorAccessorImpl.newInstance0(Native Method)
	at java.base/jdk.internal.reflect.NativeConstructorAccessorImpl.newInstance(NativeConstructorAccessorImpl.java:62)
	at java.base/jdk.internal.reflect.DelegatingConstructorAccessorImpl.newInstance(DelegatingConstructorAccessorImpl.java:45)
	at java.base/java.lang.reflect.Constructor.newInstance(Constructor.java:490)
	at org.openqa.selenium.remote.W3CHandshakeResponse.lambda$errorHandler$0(W3CHandshakeResponse.java:62)
	at org.openqa.selenium.remote.HandshakeResponse.lambda$getResponseFunction$0(HandshakeResponse.java:30)
	at org.openqa.selenium.remote.ProtocolHandshake.lambda$createSession$0(ProtocolHandshake.java:126)
	at java.base/java.util.stream.ReferencePipeline$3$1.accept(ReferencePipeline.java:195)
	at java.base/java.util.Spliterators$ArraySpliterator.tryAdvance(Spliterators.java:958)
	at java.base/java.util.stream.ReferencePipeline.forEachWithCancel(ReferencePipeline.java:127)
	at java.base/java.util.stream.AbstractPipeline.copyIntoWithCancel(AbstractPipeline.java:502)
	at java.base/java.util.stream.AbstractPipeline.copyInto(AbstractPipeline.java:488)
	at java.base/java.util.stream.AbstractPipeline.wrapAndCopyInto(AbstractPipeline.java:474)
	at java.base/java.util.stream.FindOps$FindOp.evaluateSequential(FindOps.java:150)
	at java.base/java.util.stream.AbstractPipeline.evaluate(AbstractPipeline.java:234)
	at java.base/java.util.stream.ReferencePipeline.findFirst(ReferencePipeline.java:543)
	at org.openqa.selenium.remote.ProtocolHandshake.createSession(ProtocolHandshake.java:128)
	at org.openqa.selenium.remote.ProtocolHandshake.createSession(ProtocolHandshake.java:74)
	at org.openqa.selenium.remote.HttpCommandExecutor.execute(HttpCommandExecutor.java:136)
	at org.openqa.selenium.remote.service.DriverCommandExecutor.execute(DriverCommandExecutor.java:83)
	at org.openqa.selenium.remote.RemoteWebDriver.execute(RemoteWebDriver.java:552)
	at org.openqa.selenium.remote.RemoteWebDriver.startSession(RemoteWebDriver.java:213)
	at org.openqa.selenium.remote.RemoteWebDriver.<init>(RemoteWebDriver.java:131)
	at org.openqa.selenium.chrome.ChromeDriver.<init>(ChromeDriver.java:181)
	at org.openqa.selenium.chrome.ChromeDriver.<init>(ChromeDriver.java:168)
	at org.openqa.selenium.chrome.ChromeDriver.<init>(ChromeDriver.java:123)
	at stepdefination.GoogleSearchSteps.browser_is_open(GoogleSearchSteps.java:23)
	at ✽.Given browser is open(src/test/java/feature/GoogleSearch.feature:4)
]]>
        </failure>
    </testcase>
</testsuite>
